<?xml version="1.0" encoding="UTF-8"?>
<!-- Generated by org.testng.reporters.JUnitReportReporter -->
<testsuite skipped="0" hostname="Kaluaracchi" name="DayOne.TestClass" tests="1" failures="0" timestamp="13 Jan 2019 08:15:57 GMT" time="5.305" errors="0">
  <testcase name="testSearch" time="5.305" classname="DayOne.TestClass"/>
</testsuite> <!-- DayOne.TestClass -->
